<?xml version="1.0" encoding="UTF-8"?>
<!-- Generated by org.testng.reporters.JUnitXMLReporter -->
<testsuite hostname="LAPTOP-9R4H18SQ" ignored="0" name="Default test" tests="4" failures="0" timestamp="15 May 2019 10:22:15 GMT" time="380.212" errors="0">
  <testcase name="testCreateContacts" time="39.636" classname="com.qa.hubspot.test.ContactsTest"/>
  <testcase name="testCreateContacts" time="26.397" classname="com.qa.hubspot.test.ContactsTest"/>
  <testcase name="testCreateContacts" time="24.652" classname="com.qa.hubspot.test.ContactsTest"/>
  <testcase name="testCreateContacts" time="25.63" classname="com.qa.hubspot.test.ContactsTest"/>
</testsuite> <!-- Default test -->
