<?xml version="1.0" encoding="UTF-8"?>
<!-- Generated by org.testng.reporters.JUnitXMLReporter -->
<testsuite hostname="LAPTOP-9R4H18SQ" ignored="0" name="Default test" tests="4" failures="0" timestamp="16 May 2019 22:32:35 GMT" time="348.87" errors="0">
  <testcase name="testCreateContacts" time="31.792" classname="com.qa.hubspot.test.ContactsPageTest"/>
  <testcase name="testCreateContacts" time="25.58" classname="com.qa.hubspot.test.ContactsPageTest"/>
  <testcase name="testCreateContacts" time="23.095" classname="com.qa.hubspot.test.ContactsPageTest"/>
  <testcase name="testCreateContacts" time="29.248" classname="com.qa.hubspot.test.ContactsPageTest"/>
</testsuite> <!-- Default test -->
