<?xml version="1.0" encoding="UTF-8"?>
<!-- Generated by org.testng.reporters.JUnitXMLReporter -->
<testsuite hostname="LAPTOP-9R4H18SQ" ignored="0" name="Regression" tests="3" failures="0" timestamp="16 May 2019 22:09:03 GMT" time="89.519" errors="0">
  <testcase name="titleTest" time="12.94" classname="com.qa.hubspot.test.LoginTest"/>
  <testcase name="signUpLinkTest" time="8.428" classname="com.qa.hubspot.test.LoginTest"/>
  <testcase name="loginTest" time="13.176" classname="com.qa.hubspot.test.LoginTest"/>
</testsuite> <!-- Regression -->
