<?xml version="1.0" encoding="UTF-8"?>
<testng-results skipped="0" failed="0" ignored="0" total="3" passed="3">
  <reporter-output>
  </reporter-output>
  <suite name="Hubspot Application RegressionTest" duration-ms="89519" started-at="2019-05-16T22:07:33Z" finished-at="2019-05-16T22:09:02Z">
    <groups>
    </groups>
    <test name="Regression" duration-ms="89519" started-at="2019-05-16T22:07:33Z" finished-at="2019-05-16T22:09:02Z">
      <class name="com.qa.hubspot.test.LoginTest">
        <test-method status="PASS" signature="setUp()[pri:0, instance:com.qa.hubspot.test.LoginTest@566776ad]" name="setUp" is-config="true" duration-ms="31193" started-at="2019-05-16T22:07:33Z" finished-at="2019-05-16T22:08:04Z">
          <reporter-output>
          </reporter-output>
        </test-method> <!-- setUp -->
        <test-method status="PASS" signature="titleTest()[pri:1, instance:com.qa.hubspot.test.LoginTest@566776ad]" name="titleTest" duration-ms="12940" started-at="2019-05-16T22:08:04Z" finished-at="2019-05-16T22:08:17Z">
          <reporter-output>
          </reporter-output>
        </test-method> <!-- titleTest -->
        <test-method status="PASS" signature="tearDown()[pri:0, instance:com.qa.hubspot.test.LoginTest@566776ad]" name="tearDown" is-config="true" duration-ms="1378" started-at="2019-05-16T22:08:17Z" finished-at="2019-05-16T22:08:18Z">
          <reporter-output>
          </reporter-output>
        </test-method> <!-- tearDown -->
        <test-method status="PASS" signature="setUp()[pri:0, instance:com.qa.hubspot.test.LoginTest@566776ad]" name="setUp" is-config="true" duration-ms="11085" started-at="2019-05-16T22:08:18Z" finished-at="2019-05-16T22:08:29Z">
          <reporter-output>
          </reporter-output>
        </test-method> <!-- setUp -->
        <test-method status="PASS" signature="signUpLinkTest()[pri:2, instance:com.qa.hubspot.test.LoginTest@566776ad]" name="signUpLinkTest" duration-ms="8428" started-at="2019-05-16T22:08:29Z" finished-at="2019-05-16T22:08:38Z">
          <reporter-output>
          </reporter-output>
        </test-method> <!-- signUpLinkTest -->
        <test-method status="PASS" signature="tearDown()[pri:0, instance:com.qa.hubspot.test.LoginTest@566776ad]" name="tearDown" is-config="true" duration-ms="1733" started-at="2019-05-16T22:08:38Z" finished-at="2019-05-16T22:08:40Z">
          <reporter-output>
          </reporter-output>
        </test-method> <!-- tearDown -->
        <test-method status="PASS" signature="setUp()[pri:0, instance:com.qa.hubspot.test.LoginTest@566776ad]" name="setUp" is-config="true" duration-ms="8353" started-at="2019-05-16T22:08:40Z" finished-at="2019-05-16T22:08:48Z">
          <reporter-output>
          </reporter-output>
        </test-method> <!-- setUp -->
        <test-method status="PASS" signature="loginTest()[pri:3, instance:com.qa.hubspot.test.LoginTest@566776ad]" name="loginTest" duration-ms="13176" started-at="2019-05-16T22:08:48Z" finished-at="2019-05-16T22:09:01Z">
          <reporter-output>
          </reporter-output>
        </test-method> <!-- loginTest -->
        <test-method status="PASS" signature="tearDown()[pri:0, instance:com.qa.hubspot.test.LoginTest@566776ad]" name="tearDown" is-config="true" duration-ms="1134" started-at="2019-05-16T22:09:01Z" finished-at="2019-05-16T22:09:02Z">
          <reporter-output>
          </reporter-output>
        </test-method> <!-- tearDown -->
      </class> <!-- com.qa.hubspot.test.LoginTest -->
    </test> <!-- Regression -->
  </suite> <!-- Hubspot Application RegressionTest -->
</testng-results>
