<?xml version="1.0" encoding="UTF-8"?>
<testng-results skipped="0" failed="0" ignored="0" total="4" passed="4">
  <reporter-output>
  </reporter-output>
  <suite name="Default suite" duration-ms="380212" started-at="2019-05-15T10:15:54Z" finished-at="2019-05-15T10:22:14Z">
    <groups>
    </groups>
    <test name="Default test" duration-ms="380212" started-at="2019-05-15T10:15:54Z" finished-at="2019-05-15T10:22:14Z">
      <class name="com.qa.hubspot.test.ContactsTest">
        <test-method status="PASS" signature="setUp()[pri:0, instance:com.qa.hubspot.test.ContactsTest@91161c7]" name="setUp" is-config="true" duration-ms="93659" started-at="2019-05-15T10:15:56Z" finished-at="2019-05-15T10:17:30Z">
          <reporter-output>
          </reporter-output>
        </test-method> <!-- setUp -->
        <test-method status="PASS" signature="testCreateContacts(java.lang.String, java.lang.String, java.lang.String, java.lang.String)[pri:0, instance:com.qa.hubspot.test.ContactsTest@91161c7]" name="testCreateContacts" duration-ms="39636" started-at="2019-05-15T10:17:30Z" data-provider="getContact" finished-at="2019-05-15T10:18:10Z">
          <params>
            <param index="0">
              <value>
                <![CDATA[kumar@gmail.com]]>
              </value>
            </param>
            <param index="1">
              <value>
                <![CDATA[Ram]]>
              </value>
            </param>
            <param index="2">
              <value>
                <![CDATA[Kumar]]>
              </value>
            </param>
            <param index="3">
              <value>
                <![CDATA[SW Testing]]>
              </value>
            </param>
          </params>
          <reporter-output>
          </reporter-output>
        </test-method> <!-- testCreateContacts -->
        <test-method status="PASS" signature="tearDown()[pri:0, instance:com.qa.hubspot.test.ContactsTest@91161c7]" name="tearDown" is-config="true" duration-ms="1992" started-at="2019-05-15T10:18:10Z" finished-at="2019-05-15T10:18:12Z">
          <reporter-output>
          </reporter-output>
        </test-method> <!-- tearDown -->
        <test-method status="PASS" signature="setUp()[pri:0, instance:com.qa.hubspot.test.ContactsTest@91161c7]" name="setUp" is-config="true" duration-ms="61287" started-at="2019-05-15T10:18:12Z" finished-at="2019-05-15T10:19:13Z">
          <reporter-output>
          </reporter-output>
        </test-method> <!-- setUp -->
        <test-method status="PASS" signature="testCreateContacts(java.lang.String, java.lang.String, java.lang.String, java.lang.String)[pri:0, instance:com.qa.hubspot.test.ContactsTest@91161c7]" name="testCreateContacts" duration-ms="26397" started-at="2019-05-15T10:19:13Z" data-provider="getContact" finished-at="2019-05-15T10:19:40Z">
          <params>
            <param index="0">
              <value>
                <![CDATA[Gary@gmail.com]]>
              </value>
            </param>
            <param index="1">
              <value>
                <![CDATA[Gary]]>
              </value>
            </param>
            <param index="2">
              <value>
                <![CDATA[Brown]]>
              </value>
            </param>
            <param index="3">
              <value>
                <![CDATA[Manager]]>
              </value>
            </param>
          </params>
          <reporter-output>
          </reporter-output>
        </test-method> <!-- testCreateContacts -->
        <test-method status="PASS" signature="tearDown()[pri:0, instance:com.qa.hubspot.test.ContactsTest@91161c7]" name="tearDown" is-config="true" duration-ms="1984" started-at="2019-05-15T10:19:40Z" finished-at="2019-05-15T10:19:42Z">
          <reporter-output>
          </reporter-output>
        </test-method> <!-- tearDown -->
        <test-method status="PASS" signature="setUp()[pri:0, instance:com.qa.hubspot.test.ContactsTest@91161c7]" name="setUp" is-config="true" duration-ms="43541" started-at="2019-05-15T10:19:42Z" finished-at="2019-05-15T10:20:25Z">
          <reporter-output>
          </reporter-output>
        </test-method> <!-- setUp -->
        <test-method status="PASS" signature="testCreateContacts(java.lang.String, java.lang.String, java.lang.String, java.lang.String)[pri:0, instance:com.qa.hubspot.test.ContactsTest@91161c7]" name="testCreateContacts" duration-ms="24652" started-at="2019-05-15T10:20:25Z" data-provider="getContact" finished-at="2019-05-15T10:20:50Z">
          <params>
            <param index="0">
              <value>
                <![CDATA[Lill@gmail.com]]>
              </value>
            </param>
            <param index="1">
              <value>
                <![CDATA[Lill]]>
              </value>
            </param>
            <param index="2">
              <value>
                <![CDATA[Mark]]>
              </value>
            </param>
            <param index="3">
              <value>
                <![CDATA[Dev]]>
              </value>
            </param>
          </params>
          <reporter-output>
          </reporter-output>
        </test-method> <!-- testCreateContacts -->
        <test-method status="PASS" signature="tearDown()[pri:0, instance:com.qa.hubspot.test.ContactsTest@91161c7]" name="tearDown" is-config="true" duration-ms="1626" started-at="2019-05-15T10:20:50Z" finished-at="2019-05-15T10:20:52Z">
          <reporter-output>
          </reporter-output>
        </test-method> <!-- tearDown -->
        <test-method status="PASS" signature="setUp()[pri:0, instance:com.qa.hubspot.test.ContactsTest@91161c7]" name="setUp" is-config="true" duration-ms="55105" started-at="2019-05-15T10:20:52Z" finished-at="2019-05-15T10:21:47Z">
          <reporter-output>
          </reporter-output>
        </test-method> <!-- setUp -->
        <test-method status="PASS" signature="testCreateContacts(java.lang.String, java.lang.String, java.lang.String, java.lang.String)[pri:0, instance:com.qa.hubspot.test.ContactsTest@91161c7]" name="testCreateContacts" duration-ms="25630" started-at="2019-05-15T10:21:47Z" data-provider="getContact" finished-at="2019-05-15T10:22:12Z">
          <params>
            <param index="0">
              <value>
                <![CDATA[GUG@gmail.com]]>
              </value>
            </param>
            <param index="1">
              <value>
                <![CDATA[Dug]]>
              </value>
            </param>
            <param index="2">
              <value>
                <![CDATA[GUG]]>
              </value>
            </param>
            <param index="3">
              <value>
                <![CDATA[Lead]]>
              </value>
            </param>
          </params>
          <reporter-output>
          </reporter-output>
        </test-method> <!-- testCreateContacts -->
        <test-method status="PASS" signature="tearDown()[pri:0, instance:com.qa.hubspot.test.ContactsTest@91161c7]" name="tearDown" is-config="true" duration-ms="1765" started-at="2019-05-15T10:22:12Z" finished-at="2019-05-15T10:22:14Z">
          <reporter-output>
          </reporter-output>
        </test-method> <!-- tearDown -->
      </class> <!-- com.qa.hubspot.test.ContactsTest -->
    </test> <!-- Default test -->
  </suite> <!-- Default suite -->
</testng-results>
