<?xml version="1.0" encoding="UTF-8"?>
<testng-results skipped="0" failed="0" ignored="0" total="4" passed="4">
  <reporter-output>
  </reporter-output>
  <suite name="Default suite" duration-ms="348870" started-at="2019-05-16T22:26:44Z" finished-at="2019-05-16T22:32:33Z">
    <groups>
    </groups>
    <test name="Default test" duration-ms="348870" started-at="2019-05-16T22:26:44Z" finished-at="2019-05-16T22:32:33Z">
      <class name="com.qa.hubspot.test.ContactsPageTest">
        <test-method status="PASS" signature="setUp()[pri:0, instance:com.qa.hubspot.test.ContactsPageTest@239963d8]" name="setUp" is-config="true" duration-ms="98743" started-at="2019-05-16T22:26:46Z" finished-at="2019-05-16T22:28:25Z">
          <reporter-output>
          </reporter-output>
        </test-method> <!-- setUp -->
        <test-method status="PASS" signature="testCreateContacts(java.lang.String, java.lang.String, java.lang.String, java.lang.String)[pri:0, instance:com.qa.hubspot.test.ContactsPageTest@239963d8]" name="testCreateContacts" duration-ms="31792" started-at="2019-05-16T22:28:25Z" data-provider="getContact" finished-at="2019-05-16T22:28:57Z">
          <params>
            <param index="0">
              <value>
                <![CDATA[kumar@gmail.com]]>
              </value>
            </param>
            <param index="1">
              <value>
                <![CDATA[Ram]]>
              </value>
            </param>
            <param index="2">
              <value>
                <![CDATA[Kumar]]>
              </value>
            </param>
            <param index="3">
              <value>
                <![CDATA[SW Testing]]>
              </value>
            </param>
          </params>
          <reporter-output>
          </reporter-output>
        </test-method> <!-- testCreateContacts -->
        <test-method status="PASS" signature="tearDown()[pri:0, instance:com.qa.hubspot.test.ContactsPageTest@239963d8]" name="tearDown" is-config="true" duration-ms="1659" started-at="2019-05-16T22:28:57Z" finished-at="2019-05-16T22:28:59Z">
          <reporter-output>
          </reporter-output>
        </test-method> <!-- tearDown -->
        <test-method status="PASS" signature="setUp()[pri:0, instance:com.qa.hubspot.test.ContactsPageTest@239963d8]" name="setUp" is-config="true" duration-ms="43508" started-at="2019-05-16T22:28:59Z" finished-at="2019-05-16T22:29:42Z">
          <reporter-output>
          </reporter-output>
        </test-method> <!-- setUp -->
        <test-method status="PASS" signature="testCreateContacts(java.lang.String, java.lang.String, java.lang.String, java.lang.String)[pri:0, instance:com.qa.hubspot.test.ContactsPageTest@239963d8]" name="testCreateContacts" duration-ms="25580" started-at="2019-05-16T22:29:42Z" data-provider="getContact" finished-at="2019-05-16T22:30:08Z">
          <params>
            <param index="0">
              <value>
                <![CDATA[Gary@gmail.com]]>
              </value>
            </param>
            <param index="1">
              <value>
                <![CDATA[Gary]]>
              </value>
            </param>
            <param index="2">
              <value>
                <![CDATA[Brown]]>
              </value>
            </param>
            <param index="3">
              <value>
                <![CDATA[Manager]]>
              </value>
            </param>
          </params>
          <reporter-output>
          </reporter-output>
        </test-method> <!-- testCreateContacts -->
        <test-method status="PASS" signature="tearDown()[pri:0, instance:com.qa.hubspot.test.ContactsPageTest@239963d8]" name="tearDown" is-config="true" duration-ms="1702" started-at="2019-05-16T22:30:08Z" finished-at="2019-05-16T22:30:09Z">
          <reporter-output>
          </reporter-output>
        </test-method> <!-- tearDown -->
        <test-method status="PASS" signature="setUp()[pri:0, instance:com.qa.hubspot.test.ContactsPageTest@239963d8]" name="setUp" is-config="true" duration-ms="48586" started-at="2019-05-16T22:30:09Z" finished-at="2019-05-16T22:30:58Z">
          <reporter-output>
          </reporter-output>
        </test-method> <!-- setUp -->
        <test-method status="PASS" signature="testCreateContacts(java.lang.String, java.lang.String, java.lang.String, java.lang.String)[pri:0, instance:com.qa.hubspot.test.ContactsPageTest@239963d8]" name="testCreateContacts" duration-ms="23095" started-at="2019-05-16T22:30:58Z" data-provider="getContact" finished-at="2019-05-16T22:31:21Z">
          <params>
            <param index="0">
              <value>
                <![CDATA[Lill@gmail.com]]>
              </value>
            </param>
            <param index="1">
              <value>
                <![CDATA[Lill]]>
              </value>
            </param>
            <param index="2">
              <value>
                <![CDATA[Mark]]>
              </value>
            </param>
            <param index="3">
              <value>
                <![CDATA[Dev]]>
              </value>
            </param>
          </params>
          <reporter-output>
          </reporter-output>
        </test-method> <!-- testCreateContacts -->
        <test-method status="PASS" signature="tearDown()[pri:0, instance:com.qa.hubspot.test.ContactsPageTest@239963d8]" name="tearDown" is-config="true" duration-ms="1388" started-at="2019-05-16T22:31:21Z" finished-at="2019-05-16T22:31:22Z">
          <reporter-output>
          </reporter-output>
        </test-method> <!-- tearDown -->
        <test-method status="PASS" signature="setUp()[pri:0, instance:com.qa.hubspot.test.ContactsPageTest@239963d8]" name="setUp" is-config="true" duration-ms="39243" started-at="2019-05-16T22:31:22Z" finished-at="2019-05-16T22:32:02Z">
          <reporter-output>
          </reporter-output>
        </test-method> <!-- setUp -->
        <test-method status="PASS" signature="testCreateContacts(java.lang.String, java.lang.String, java.lang.String, java.lang.String)[pri:0, instance:com.qa.hubspot.test.ContactsPageTest@239963d8]" name="testCreateContacts" duration-ms="29248" started-at="2019-05-16T22:32:02Z" data-provider="getContact" finished-at="2019-05-16T22:32:31Z">
          <params>
            <param index="0">
              <value>
                <![CDATA[GUG@gmail.com]]>
              </value>
            </param>
            <param index="1">
              <value>
                <![CDATA[Dug]]>
              </value>
            </param>
            <param index="2">
              <value>
                <![CDATA[GUG]]>
              </value>
            </param>
            <param index="3">
              <value>
                <![CDATA[Lead]]>
              </value>
            </param>
          </params>
          <reporter-output>
          </reporter-output>
        </test-method> <!-- testCreateContacts -->
        <test-method status="PASS" signature="tearDown()[pri:0, instance:com.qa.hubspot.test.ContactsPageTest@239963d8]" name="tearDown" is-config="true" duration-ms="1690" started-at="2019-05-16T22:32:31Z" finished-at="2019-05-16T22:32:33Z">
          <reporter-output>
          </reporter-output>
        </test-method> <!-- tearDown -->
      </class> <!-- com.qa.hubspot.test.ContactsPageTest -->
    </test> <!-- Default test -->
  </suite> <!-- Default suite -->
</testng-results>
